<?xml version="1.0" encoding="UTF-8"?>
<testsuite name="forum.ForumTestSuite" tests="1" skipped="0" failures="0" errors="0" timestamp="2020-06-10T10:05:10" hostname="DESKTOP-71J7H4L" time="0.003">
  <properties/>
  <testcase name="testCaseUsername" classname="forum.ForumTestSuite" time="0.003"/>
  <system-out><![CDATA[]]></system-out>
  <system-err><![CDATA[]]></system-err>
</testsuite>
