<?xml version="1.0" encoding="UTF-8"?>
<testsuite name="com.kodilla.testing.collection.CollectionTestSuite" tests="2" skipped="0" failures="0" errors="0" timestamp="2020-06-11T13:00:54" hostname="DESKTOP-71J7H4L" time="0.005">
  <properties/>
  <testcase name="testOddNumbersExterminatorEmptyList" classname="com.kodilla.testing.collection.CollectionTestSuite" time="0.004"/>
  <testcase name="testOddNumbersExterminatorNormalList" classname="com.kodilla.testing.collection.CollectionTestSuite" time="0.0"/>
  <system-out><![CDATA[Collection Test Suite: begin
Test Case: begin
Testing empty list
result list size: 0
Test Case: end
Test Case: begin
Testing normal list
result list size: 5
Test Case: end
Collection Test Suite: end
]]></system-out>
  <system-err><![CDATA[]]></system-err>
</testsuite>
